C51 COMPILER V9.54   MAIN                                                                  05/24/2026 15:16:23 PAGE 1   


C51 COMPILER V9.54, COMPILATION OF MODULE MAIN
OBJECT MODULE PLACED IN .\Objects\main.obj
COMPILER INVOKED BY: C:\Keil_v5\C51\BIN\C51.EXE main.c OPTIMIZE(8,SPEED) BROWSE DEBUG OBJECTEXTEND PRINT(.\Listings\main
                    -.lst) OBJECT(.\Objects\main.obj)

line level    source

   1          #include <REGX52.H>
   2          #include "delay.h"
   3          #include "uart.h"
   4          #include "timer0.h"
   5          #include <stdio.h>
   6          #include "XPT2046.H"
   7          #include <string.h>
   8          
   9          unsigned int ADValue1,ADValue2,ADValue3,ADValue4;
  10          
  11          unsigned int a=100,b=40;
  12          
  13          void main()
  14          {
  15   1              UART_Init();
  16   1              Timer0_Init();
  17   1              
  18   1              while(1)
  19   1              {
  20   2      //              ADValue1=XPT2046_ReadAD(XPT2046_XP_8);          //读取AIN0，可调电阻
  21   2      //              
  22   2      //              ADValue2=XPT2046_ReadAD(XPT2046_YP_8);          //读取AIN1，热敏电阻
  23   2      //                              
  24   2      //              ADValue3=XPT2046_ReadAD(XPT2046_VBAT_8);                //读取AIN2，光敏电阻
  25   2      //              
  26   2      //              ADValue4=XPT2046_ReadAD(XPT2046_AUX_8);         //读取AIN3，方波
  27   2      //                      
  28   2      //              printf("%u,%u,%u,%u,%u,%u\n",ADValue1,ADValue2,ADValue3,ADValue4,a,b);
  29   2      
  30   2              }
  31   1      }
  32          
  33          int to_num(char *s)
  34          {
  35   1          int num = 0;
  36   1          while(*s >= '0' && *s <= '9')
  37   1          {
  38   2              num = num * 10 + (*s - '0');
  39   2              s++;
  40   2          }
  41   1          return num;
  42   1      }
  43          
  44          
  45          unsigned char d[30];    //储存接受内容
  46          unsigned char idx=0;    //当前位置指针
  47          
  48          // 串口中断服务函数
  49          void Uart_Interrupt(void) interrupt 4
  50          {
  51   1          unsigned char dat;          //储存每一个读取到的内容
  52   1              char *p=NULL;
  53   1              int num;
  54   1              int i;
C51 COMPILER V9.54   MAIN                                                                  05/24/2026 15:16:23 PAGE 2   

  55   1          
  56   1          if(RI)   // 如果收到数据
  57   1          {
  58   2              RI=0;        // 清除标志
  59   2              dat=SBUF;    // 读到数据
  60   2      
  61   2              // 收到回车/换行 → 指令结束，开始解析
  62   2              if(dat=='\r' || dat=='\n')
  63   2              {
  64   3                  d[idx]='\0';  // 字符串结束符
  65   3                  
  66   3                  // = 号位置
  67   3                  for(i=0;i<idx;i++)
  68   3                              {
  69   4                                      if(d[i]=='=')
  70   4                                      {
  71   5                                              p=d+i;
  72   5                                              break;
  73   5                                      }
  74   4                              }
  75   3                  
  76   3                  if(p!=NULL)  // 找到了 =
  77   3                  {
  78   4                      // 提取等号后面的数字
  79   4                      num=to_num(p + 1);
  80   4      
  81   4                      // 判断前面是 a / b 
  82   4                      if(d[0]=='a')
  83   4                      {
  84   5                          a=num;
  85   5                      }
  86   4                      else if(d[0]=='b')
  87   4                      {
  88   5                          b=num;
  89   5                      }
  90   4                  }
  91   3      
  92   3                  // 清空，准备接收下一条指令
  93   3                  idx=0;
  94   3                  for(i=0;i<30;i++)
  95   3                  {
  96   4                      d[i]=0;
  97   4                  }
  98   3              }
  99   2              // 正常字符，存入缓冲区
 100   2              else
 101   2              {
 102   3                  if(idx<29)
 103   3                  {
 104   4                      d[idx++]=dat;
 105   4                  }
 106   3              }
 107   2          }
 108   1      }
 109          
 110          void Timer0_Routine() interrupt 1
 111          {
 112   1              static unsigned int T0Count=0;
 113   1              TL0 = 0x66;
 114   1              TH0 = 0xFC;
 115   1              T0Count++;
 116   1              if(T0Count>=a)
C51 COMPILER V9.54   MAIN                                                                  05/24/2026 15:16:23 PAGE 3   

 117   1              {
 118   2                      T0Count=0;
 119   2              }
 120   1              
 121   1              if(T0Count<b)
 122   1              {
 123   2                      PUTOUT=1;
 124   2              }else
 125   1              {
 126   2                      PUTOUT=0;
 127   2              }
 128   1              
 129   1              ADValue4=XPT2046_ReadAD(XPT2046_AUX_8);         //读取AIN3，方波
 130   1              printf("%u\n",ADValue4);
 131   1      }


MODULE INFORMATION:   STATIC OVERLAYABLE
   CODE SIZE        =    461    ----
   CONSTANT SIZE    =      4    ----
   XDATA SIZE       =   ----    ----
   PDATA SIZE       =   ----    ----
   DATA SIZE        =     45      11
   IDATA SIZE       =   ----    ----
   BIT SIZE         =   ----    ----
END OF MODULE INFORMATION.


C51 COMPILATION COMPLETE.  0 WARNING(S),  0 ERROR(S)
