C51 COMPILER V9.54   TIMER0                                                                05/23/2026 22:09:35 PAGE 1   


C51 COMPILER V9.54, COMPILATION OF MODULE TIMER0
OBJECT MODULE PLACED IN .\Objects\Timer0.obj
COMPILER INVOKED BY: C:\Keil_v5\C51\BIN\C51.EXE Timer0.c OPTIMIZE(8,SPEED) BROWSE DEBUG OBJECTEXTEND PRINT(.\Listings\Ti
                    -mer0.lst) OBJECT(.\Objects\Timer0.obj)

line level    source

   1          #include <REGX52.H>
   2          
   3          void Timer0_Init(void)
   4          {
   5   1              TMOD &= 0xF0;
   6   1              TMOD |= 0x01;
   7   1          // 11.0592MHz 1ms 定时初值
   8   1              TL0 = 0x66;
   9   1              TH0 = 0xFC;
  10   1              TF0 = 0;
  11   1              TR0 = 1;
  12   1              ET0=1;
  13   1              EA=1;
  14   1              PT0=0;
  15   1      }
  16          
  17          /*定时器中断函数模板
  18          void Timer0_Routine() interrupt 1
  19          {
  20                  static unsigned int T0Count;
  21                  TL0 = 0x18;             //设置定时初值
  22                  TH0 = 0xFC;             //设置定时初值
  23                  T0Count++;
  24                  if(T0Count>=1000)
  25                  {
  26                          T0Count=0;
  27                          
  28                  }
  29          }
  30          */


MODULE INFORMATION:   STATIC OVERLAYABLE
   CODE SIZE        =     23    ----
   CONSTANT SIZE    =   ----    ----
   XDATA SIZE       =   ----    ----
   PDATA SIZE       =   ----    ----
   DATA SIZE        =   ----    ----
   IDATA SIZE       =   ----    ----
   BIT SIZE         =   ----    ----
END OF MODULE INFORMATION.


C51 COMPILATION COMPLETE.  0 WARNING(S),  0 ERROR(S)
