C51 COMPILER V9.54   XPT2046                                                               05/24/2026 15:22:45 PAGE 1   


C51 COMPILER V9.54, COMPILATION OF MODULE XPT2046
OBJECT MODULE PLACED IN .\Objects\XPT2046.obj
COMPILER INVOKED BY: C:\Keil_v5\C51\BIN\C51.EXE XPT2046.c OPTIMIZE(8,SPEED) BROWSE DEBUG OBJECTEXTEND PRINT(.\Listings\X
                    -PT2046.lst) OBJECT(.\Objects\XPT2046.obj)

line level    source

   1          #include <REGX52.H>
   2          #include "delay.h"
   3          #include "intrins.h"
   4          
   5          sbit XPT2046_CS=P3^5;
   6          sbit XPT2046_DCLK=P3^6;
   7          sbit XPT2046_DIN=P3^4;
   8          sbit XPT2046_DOUT=P3^7;
   9          
  10          void Delay150us(void)   //@11.0592MHz
  11          {
  12   1              unsigned char data i;
  13   1      
  14   1              _nop_();
  15   1              i = 66;
  16   1              while (--i);
  17   1      }
  18          
  19          
  20          
  21          unsigned int XPT2046_ReadAD(unsigned char Command)
  22          {
  23   1              unsigned char i;
  24   1              unsigned int ADValue=0;
  25   1              
  26   1              XPT2046_DCLK=0;
  27   1              XPT2046_CS=0;
  28   1              
  29   1              for(i=0;i<8;i++)
  30   1              {
  31   2                      XPT2046_DIN=Command&(0x80>>i);
  32   2                      XPT2046_DCLK=1;
  33   2                      XPT2046_DCLK=0;
  34   2              }
  35   1              
  36   1              for(i=0;i<16;i++)
  37   1              {
  38   2                      XPT2046_DCLK=1;
  39   2                      Delay150us();
  40   2                      //Delay(1);
  41   2                      XPT2046_DCLK=0;
  42   2                      if(XPT2046_DOUT)
  43   2                      {
  44   3                              ADValue|=(0x8000>>i);
  45   3                      }
  46   2              }
  47   1              
  48   1              XPT2046_CS=1;
  49   1              if(Command&0x08)
  50   1              {
  51   2                      ADValue=ADValue>>8;
  52   2              }else
  53   1              {
  54   2                      ADValue=ADValue>>4;
C51 COMPILER V9.54   XPT2046                                                               05/24/2026 15:22:45 PAGE 2   

  55   2              }
  56   1              
  57   1              return ADValue;
  58   1      }


MODULE INFORMATION:   STATIC OVERLAYABLE
   CODE SIZE        =    128    ----
   CONSTANT SIZE    =   ----    ----
   XDATA SIZE       =   ----    ----
   PDATA SIZE       =   ----    ----
   DATA SIZE        =   ----       2
   IDATA SIZE       =   ----    ----
   BIT SIZE         =   ----    ----
END OF MODULE INFORMATION.


C51 COMPILATION COMPLETE.  0 WARNING(S),  0 ERROR(S)
